生成启动时间为 2015-8-21 15:43:34。
     1>项目“D:\Users\LWF15\Documents\Visual Studio 2010\Projects\Study\Max_Sum\Max_Sum.vcxproj”在节点 3 上(build 个目标)。
     1>InitializeBuildStatus:
         正在创建“Debug\Max_Sum.unsuccessfulbuild”，因为已指定“AlwaysCreate”。
       ClCompile:
         D:\Program Files (x86)\Microsoft Visual Studio 10.0\VC\bin\CL.exe /c /ZI /nologo /W3 /WX- /Od /Oy- /D WIN32 /D _DEBUG /D _CONSOLE /D _UNICODE /D UNICODE /Gm /EHsc /RTC1 /MDd /GS /fp:precise /Zc:wchar_t /Zc:forScope /Fo"Debug\\" /Fd"Debug\vc100.pdb" /Gd /TP /analyze- /errorReport:prompt max_sum.cpp
         max_sum.cpp
       ManifestResourceCompile:
         所有输出均为最新。
       Link:
         D:\Program Files (x86)\Microsoft Visual Studio 10.0\VC\bin\link.exe /ERRORREPORT:PROMPT /OUT:"D:\Users\LWF15\Documents\Visual Studio 2010\Projects\Study\Debug\Max_Sum.exe" /INCREMENTAL /NOLOGO kernel32.lib user32.lib gdi32.lib winspool.lib comdlg32.lib advapi32.lib shell32.lib ole32.lib oleaut32.lib uuid.lib odbc32.lib odbccp32.lib /MANIFEST /ManifestFile:"Debug\Max_Sum.exe.intermediate.manifest" /MANIFESTUAC:"level='asInvoker' uiAccess='false'" /DEBUG /PDB:"D:\Users\LWF15\Documents\Visual Studio 2010\Projects\Study\Debug\Max_Sum.pdb" /SUBSYSTEM:CONSOLE /TLBID:1 /DYNAMICBASE /NXCOMPAT /IMPLIB:"D:\Users\LWF15\Documents\Visual Studio 2010\Projects\Study\Debug\Max_Sum.lib" /MACHINE:X86 Debug\Max_Sum.exe.embed.manifest.res
         Debug\max_sum.obj
       Manifest:
         C:\Program Files (x86)\Microsoft SDKs\Windows\v7.0A\bin\mt.exe /nologo /verbose /out:"Debug\Max_Sum.exe.embed.manifest" /manifest Debug\Max_Sum.exe.intermediate.manifest
         所有输出均为最新。
       LinkEmbedManifest:
         所有输出均为最新。
         Max_Sum.vcxproj -> D:\Users\LWF15\Documents\Visual Studio 2010\Projects\Study\Debug\Max_Sum.exe
       FinalizeBuildStatus:
         正在删除文件“Debug\Max_Sum.unsuccessfulbuild”。
         正在对“Debug\Max_Sum.lastbuildstate”执行 Touch 任务。
     1>已完成生成项目“D:\Users\LWF15\Documents\Visual Studio 2010\Projects\Study\Max_Sum\Max_Sum.vcxproj”(build 个目标)的操作。

生成成功。

已用时间 00:00:07.81
