生成启动时间为 2015-8-13 21:24:04。
     1>项目“d:\Users\LWF15\documents\visual studio 2010\Projects\Study\Sum_longNum\Sum_longNum.vcxproj”在节点 2 上(build 个目标)。
     1>InitializeBuildStatus:
         正在创建“Debug\Sum_longNum.unsuccessfulbuild”，因为已指定“AlwaysCreate”。
       ClCompile:
         D:\Program Files (x86)\Microsoft Visual Studio 10.0\VC\bin\CL.exe /c /ZI /nologo /W3 /WX- /Od /Oy- /D WIN32 /D _DEBUG /D _CONSOLE /D _UNICODE /D UNICODE /Gm /EHsc /RTC1 /MDd /GS /fp:precise /Zc:wchar_t /Zc:forScope /Fo"Debug\\" /Fd"Debug\vc100.pdb" /Gd /TP /analyze- /errorReport:prompt longNumSum.cpp
         longNumSum.cpp
     1>d:\users\lwf15\documents\visual studio 2010\projects\study\sum_longnum\longnumsum.cpp(36): warning C4996: 'strcpy': This function or variable may be unsafe. Consider using strcpy_s instead. To disable deprecation, use _CRT_SECURE_NO_WARNINGS. See online help for details.
                 d:\program files (x86)\microsoft visual studio 10.0\vc\include\string.h(105) : 参见“strcpy”的声明
       ManifestResourceCompile:
         所有输出均为最新。
       Link:
         D:\Program Files (x86)\Microsoft Visual Studio 10.0\VC\bin\link.exe /ERRORREPORT:PROMPT /OUT:"d:\users\lwf15\documents\visual studio 2010\Projects\Study\Debug\Sum_longNum.exe" /INCREMENTAL /NOLOGO kernel32.lib user32.lib gdi32.lib winspool.lib comdlg32.lib advapi32.lib shell32.lib ole32.lib oleaut32.lib uuid.lib odbc32.lib odbccp32.lib /MANIFEST /ManifestFile:"Debug\Sum_longNum.exe.intermediate.manifest" /MANIFESTUAC:"level='asInvoker' uiAccess='false'" /DEBUG /PDB:"d:\users\lwf15\documents\visual studio 2010\Projects\Study\Debug\Sum_longNum.pdb" /SUBSYSTEM:CONSOLE /TLBID:1 /DYNAMICBASE /NXCOMPAT /IMPLIB:"d:\users\lwf15\documents\visual studio 2010\Projects\Study\Debug\Sum_longNum.lib" /MACHINE:X86 Debug\Sum_longNum.exe.embed.manifest.res
         Debug\longNumSum.obj
       Manifest:
         C:\Program Files (x86)\Microsoft SDKs\Windows\v7.0A\bin\mt.exe /nologo /verbose /out:"Debug\Sum_longNum.exe.embed.manifest" /manifest Debug\Sum_longNum.exe.intermediate.manifest
         所有输出均为最新。
       LinkEmbedManifest:
         所有输出均为最新。
         Sum_longNum.vcxproj -> d:\users\lwf15\documents\visual studio 2010\Projects\Study\Debug\Sum_longNum.exe
       FinalizeBuildStatus:
         正在删除文件“Debug\Sum_longNum.unsuccessfulbuild”。
         正在对“Debug\Sum_longNum.lastbuildstate”执行 Touch 任务。
     1>已完成生成项目“d:\Users\LWF15\documents\visual studio 2010\Projects\Study\Sum_longNum\Sum_longNum.vcxproj”(build 个目标)的操作。

生成成功。

已用时间 00:00:03.66
